[main] INFO  Ebanking  - URL is opened
[main] INFO  Ebanking  - login is done
[main] INFO  Ebanking  - login test passed
[main] INFO  Ebanking  - URL is opened
[main] INFO  Ebanking  - login is done
[main] INFO  Ebanking  - login test passed
[main] INFO  Ebanking  - URL is opened
[main] INFO  Ebanking  - login is done
[main] INFO  Ebanking  - login test passed
[main] INFO  Ebanking  - URL is opened
[main] INFO  Ebanking  - login is done
[main] INFO  Ebanking  - URL is opened
[main] INFO  Ebanking  - login is done
[main] INFO  Ebanking  - URL is opened
[main] INFO  Ebanking  - login is done
[main] INFO  Ebanking  - login test passed
[main] INFO  Ebanking  - URL is opened
[main] INFO  Ebanking  - login is done
[main] INFO  Ebanking  - login test passed
[main] INFO  Ebanking  - URL is opened
[main] INFO  Ebanking  - login is done
[main] INFO  Ebanking  - login test passed
[main] INFO  Ebanking  - URL is opened
[main] INFO  Ebanking  - login is done
[main] INFO  Ebanking  - login test passed
[main] INFO  Ebanking  - URL is opened
[main] INFO  Ebanking  - login is done
[main] INFO  Ebanking  - login test passed
[main] INFO  Ebanking  - URL is opened
[main] INFO  Ebanking  - login is done
[main] INFO  Ebanking  - login test passed
[main] INFO  Ebanking  - URL is opened
[main] INFO  Ebanking  - login is done
[main] INFO  Ebanking  - login test passed
[main] INFO  Ebanking  - URL is opened
[main] INFO  Ebanking  - login is done
[main] INFO  Ebanking  - login test passed
[main] INFO  Ebanking  - URL is opened
[main] INFO  Ebanking  - login is done
[main] INFO  Ebanking  - URL is opened
[main] INFO  Ebanking  - login is done
[main] INFO  Ebanking  - login test passed
[main] INFO  Ebanking  - URL is opened
[main] INFO  Ebanking  - login is done
[main] INFO  Ebanking  - URL is opened
[main] INFO  Ebanking  - login is done
[main] INFO  Ebanking  - login test passed
[main] INFO  Ebanking  - user name and password is provided
[main] INFO  Ebanking  - user name and password is provided
[main] INFO  Ebanking  - user name and password is provided
[main] INFO  Ebanking  - user name and password is provided
[main] INFO  Ebanking  - user name and password is provided
[main] INFO  Ebanking  - user name and password is provided
[main] INFO  Ebanking  - user name and password is provided
[main] INFO  Ebanking  - user name and password is provided
[main] INFO  Ebanking  - user name and password is provided
[main] INFO  Ebanking  - add customer page is imported
[main] INFO  Ebanking  - providing customer deatails
[main] INFO  Ebanking  - user name and password is provided
[main] INFO  Ebanking  - add customer page is imported
[main] INFO  Ebanking  - user name and password is provided
[main] INFO  Ebanking  - add customer page is imported
[main] INFO  Ebanking  - providing customer deatails
[main] INFO  Ebanking  - validation is started
[main] INFO  Ebanking  - user name and password is provided
[main] INFO  Ebanking  - add customer page is imported
[main] INFO  Ebanking  - providing customer deatails
[main] INFO  Ebanking  - user name and password is provided
[main] INFO  Ebanking  - add customer page is imported
[main] INFO  Ebanking  - user name and password is provided
[main] INFO  Ebanking  - add customer page is imported
[main] INFO  Ebanking  - user name and password is provided
[main] INFO  Ebanking  - add customer page is imported
[main] INFO  Ebanking  - providing customer deatails
[main] INFO  Ebanking  - validation is started
[main] INFO  Ebanking  - user name and password is provided
[main] INFO  Ebanking  - add customer page is imported
[main] INFO  Ebanking  - user name and password is provided
[main] INFO  Ebanking  - add customer page is imported
[main] INFO  Ebanking  - providing customer deatails
[main] INFO  Ebanking  - validation is started
[main] INFO  Ebanking  - user name and password is provided
[main] INFO  Ebanking  - add customer page is imported
[main] INFO  Ebanking  - user name and password is provided
[main] INFO  Ebanking  - add customer page is imported
[main] INFO  Ebanking  - providing customer deatails
[main] INFO  Ebanking  - user name and password is provided
[main] INFO  Ebanking  - add customer page is imported
[main] INFO  Ebanking  - user name and password is provided
[main] INFO  Ebanking  - add customer page is imported
[main] INFO  Ebanking  - providing customer deatails
[main] INFO  Ebanking  - validation is started
[main] INFO  Ebanking  - user name and password is provided
[main] INFO  Ebanking  - add customer page is imported
